GnuCOBOL 3.0-rc1.0      TRNSLATT.cob                                                  Fri Jan 24 23:13:46 2020  Page 0001

LINE    PG/LN  A...B............................................................SEQUENCE

000001        *=========================== TRNSLATT ===========================*
000002        * Authors: Brian D Pead
000003        *
000004        * Description: Program to test subroutine TRNSLAT.
000005        *
000006        * License: MIT
000007        *
000008        * Date        Version  Description
000009        * ----        -------  -----------
000010        * 2020-01-12  0.1      First release
000011        *================================================================*
000012
000013         IDENTIFICATION DIVISION.
000014        *========================
000015
000016         PROGRAM-ID.             TRNSLATT.
000017
000018         ENVIRONMENT DIVISION.
000019        *=====================
000020
000021         CONFIGURATION SECTION.
000022        *----------------------
000023
000024         SOURCE-COMPUTER.
000025             IBM-Z15.
000026        *    IBM-Z15 DEBUGGING MODE.
000027
000028         INPUT-OUTPUT SECTION.
000029        *---------------------
000030
000031         FILE-CONTROL.
000032             SELECT TESTIN               ASSIGN 'Data\TRNSLATT.Input.bin'
000033                                         ORGANIZATION SEQUENTIAL.
000034
000035             SELECT TESTOUT              ASSIGN 'Data\TRNSLATT.Output.bin'
000036                                         ORGANIZATION SEQUENTIAL.
GnuCOBOL 3.0-rc1.0      TRNSLATT.cob                                                  Fri Jan 24 23:13:46 2020  Page 0002

LINE    PG/LN  A...B............................................................SEQUENCE

000037        /
000038         DATA DIVISION.
000039        *==============
000040
000041         FILE SECTION.
000042        *-------------
000043
000044         FD  TESTIN
000045             RECORD VARYING 25 TO 15000
000046             DEPENDING W-RECLEN.
000047
000048         01  TESTIN-REC.
000049             05  TI-CHAR             PIC X           OCCURS 25 TO 15000
000050                                                     DEPENDING W-RECLEN
000051                                                     INDEXED TI-DX.
000052
000053         FD  TESTOUT
000054             RECORD VARYING 25 TO 15000
000055             DEPENDING W-RECLEN.
000056
000057         01  TESTOUT-REC.
000058             05  TO-CHAR             PIC X           OCCURS 25 TO 15000
000059                                                     DEPENDING W-RECLEN
000060                                                     INDEXED TO-DX.
GnuCOBOL 3.0-rc1.0      TRNSLATT.cob                                                  Fri Jan 24 23:13:46 2020  Page 0003

LINE    PG/LN  A...B............................................................SEQUENCE

000061        /
000062         WORKING-STORAGE SECTION.
000063        *------------------------
000064
000065         01  W-TESTIN-RECS           PIC 9(09)  COMP VALUE 0.
000066         01  W-TESTOUT-RECS          PIC 9(09)  COMP VALUE 0.
000067         01  W-RECLEN                PIC S9(09) COMP.
000068         01  W-TRNSLAT-PROG          PIC X(08)       VALUE 'TRNSLAT'.
000069
000070         01  FILLER                  PIC X(01)       VALUE 'N'.
000071             88  W-EOF                               VALUE 'Y'.
000072
000073         01  W-COMPILED-DATE.
000074             05  W-COMPILED-DATE-YYYY
000075                                     PIC X(04).
000076             05  W-COMPILED-DATE-MM  PIC X(02).
000077             05  W-COMPILED-DATE-DD  PIC X(02).
000078             05  W-COMPILED-TIME-HH  PIC X(02).
000079             05  W-COMPILED-TIME-MM  PIC X(02).
000080             05  W-COMPILED-TIME-SS  PIC X(02).
000081             05  FILLER              PIC X(07).
000082
000083         01  W-TRNSLAT-CONTROL.      COPY TRNSLATL.
000001C       *=========================== TRNSLATL ===========================*
000002C       * Authors: Brian D Pead
000003C       *
000004C       * Description: Control parameter for subroutine TRNSLAT which
000005C       *     converts the character-set of specified fields in a COBOL
000006C       *     record.
000007C       *
000008C       * License: MIT
000009C       *
000010C       * Date        Version  Description
000011C       * ----        -------  -----------
000012C       * 2020-01-18  0.1      First release
000013C       *================================================================*
000014C
000015C       *01  TRNSLATL-CONTROL.
000016C
000017C       **** Input fields:
000018C       ****     TC-FIELD-CNT:
000019C       ****         Numbers of fields to convert.
000020C       ****     TC-FIELD-POS:
000021C       ****         Starting position of each field in record.
000022C       ****     TC-FIELD-LEN:
000023C       ****         Length of each field in record.
000024C
000025C            05  TC-FIELD-CNT        PIC S9(09) COMP VALUE 0.
000026C            05  TC-FIELD-SPEC                       OCCURS 256
000027C                                                    INDEXED TCF-DX.
000028C                10  TC-FIELD-POS    PIC S9(09) COMP.
000029C                10  TC-FIELD-LEN    PIC S9(09) COMP.
GnuCOBOL 3.0-rc1.0      TRNSLATT.cob                                                  Fri Jan 24 23:13:46 2020  Page 0004

LINE    PG/LN  A...B............................................................SEQUENCE

000030C
000031C       **** Output fields:
000032C       ****     TC-RESPONSE-CODE
000033C       ****         Use 88 levels to determine result of calls.
000034C       ****     TC-RESPONSE-MSG
000035C       ****         Non-space if bad response.
000036C
000037C            05  TC-RESPONSE-CODE    PIC 9(4).
000038C                88  TC-RESPONSE-GOOD                VALUE 0.
000039C                88  TC-RESPONSE-TABLE-ERROR         VALUE 10.
000040C                88  TC-RESPONSE-RECLEN-ERROR        VALUE 20.
000041C
000042C            05  TC-RESPONSE-MSG     PIC X(80).
000084
000085        * COPY ASC2EBC.
000086
000087        * COPY EBC2ASC.
000088
000089        * COPY I037T437.
000090
000091         COPY I437T037.
000001C       *================================================================*
000002C       *        Table generated by C# program CobolTranslateGen         *
000003C       *================================================================*
000004C
000005C        01  W-IBM437-TO-IBM037-TABLE.
000006C            05  FILLER-00-0F        PIC X(32)       VALUE
000007C                '00010203372D2E2F1605250B0C0D0E0F'.
000008C            05  FILLER-10-1F        PIC X(32)       VALUE
000009C                '101112133C3D322618193F271C1D1E1F'.
000010C            05  FILLER-20-2F        PIC X(32)       VALUE
000011C                '405A7F7B5B6C507D4D5D5C4E6B604B61'.
000012C            05  FILLER-30-3F        PIC X(32)       VALUE
000013C                'F0F1F2F3F4F5F6F7F8F97A5E4C7E6E6F'.
000014C            05  FILLER-40-4F        PIC X(32)       VALUE
000015C                '7CC1C2C3C4C5C6C7C8C9D1D2D3D4D5D6'.
000016C            05  FILLER-50-5F        PIC X(32)       VALUE
000017C                'D7D8D9E2E3E4E5E6E7E8E9BAE0BBB06D'.
000018C            05  FILLER-60-6F        PIC X(32)       VALUE
000019C                '79818283848586878889919293949596'.
000020C            05  FILLER-70-7F        PIC X(32)       VALUE
000021C                '979899A2A3A4A5A6A7A8A9C04FD0A107'.
000022C            05  FILLER-80-8F        PIC X(32)       VALUE
000023C                '68DC5142434447485253545756586367'.
000024C            05  FILLER-90-9F        PIC X(32)       VALUE
000025C                '719C9ECBCCCDDBDDDFECFC4AB1B26F6F'.
000026C            05  FILLER-A0-AF        PIC X(32)       VALUE
000027C                '4555CEDE49699A9BAB6F5FB8B7AA8A8B'.
000028C            05  FILLER-B0-BF        PIC X(32)       VALUE
000029C                '6F6F6F6F6F6F6F6F6F6F6F6F6F6F6F6F'.
000030C            05  FILLER-C0-CF        PIC X(32)       VALUE
000031C                '6F6F6F6F6F6F6F6F6F6F6F6F6F6F6F6F'.
GnuCOBOL 3.0-rc1.0      TRNSLATT.cob                                                  Fri Jan 24 23:13:46 2020  Page 0005

LINE    PG/LN  A...B............................................................SEQUENCE

000032C            05  FILLER-D0-DF        PIC X(32)       VALUE
000033C                '6F6F6F6F6F6F6F6F6F6F6F6F6F6F6F6F'.
000034C            05  FILLER-E0-EF        PIC X(32)       VALUE
000035C                '6F596F6F6F6FA06F6F6F6F6F6F6F6F6F'.
000036C            05  FILLER-F0-FF        PIC X(32)       VALUE
000037C                '6F8F6F6F6F6FE16F906FB36F6FEA6F41'.
GnuCOBOL 3.0-rc1.0      TRNSLATT.cob                                                  Fri Jan 24 23:13:46 2020  Page 0006

LINE    PG/LN  A...B............................................................SEQUENCE

000092        /
000093         PROCEDURE DIVISION.
000094        *===================
000095
000096         MAIN.
000097        *-----
000098
000099             PERFORM SUB-1000-START-UP THRU SUB-1000-EXIT
000100
000101             PERFORM SUB-9100-READ-TESTIN THRU SUB-9100-EXIT
000102
000103             PERFORM SUB-2000-PROCESS THRU SUB-2000-EXIT
000104                 UNTIL W-EOF
000105
000106             PERFORM SUB-3000-SHUT-DOWN THRU SUB-3000-EXIT
000107             .
000108         MAIN-EXIT.
000109             STOP RUN.
GnuCOBOL 3.0-rc1.0      TRNSLATT.cob                                                  Fri Jan 24 23:13:46 2020  Page 0007

LINE    PG/LN  A...B............................................................SEQUENCE

000110        /
000111         SUB-1000-START-UP.
000112        *------------------
000113
000114             MOVE FUNCTION WHEN-COMPILED
000115                                     TO W-COMPILED-DATE
000116
000117             DISPLAY 'TRNSLATT compiled on '
000118                 W-COMPILED-DATE-YYYY '/'
000119                 W-COMPILED-DATE-MM   '/'
000120                 W-COMPILED-DATE-DD   ' at '
000121                 W-COMPILED-TIME-HH   ':'
000122                 W-COMPILED-TIME-MM   ':'
000123                 W-COMPILED-TIME-SS
000124
000125             OPEN INPUT  TESTIN
000126                  OUTPUT TESTOUT
000127             .
000128         SUB-1000-EXIT.
000129             EXIT.
GnuCOBOL 3.0-rc1.0      TRNSLATT.cob                                                  Fri Jan 24 23:13:46 2020  Page 0008

LINE    PG/LN  A...B............................................................SEQUENCE

000130        /
000131         SUB-2000-PROCESS.
000132        *-----------------
000133
000134             MOVE 1                  TO TC-FIELD-CNT
000135                                        TC-FIELD-POS(1)
000136             MOVE W-RECLEN           TO TC-FIELD-LEN(1)
000137             MOVE TESTIN-REC         TO TESTOUT-REC
000138
000139             CALL W-TRNSLAT-PROG  USING W-TRNSLAT-CONTROL
000140                                        TESTOUT-REC
000141        *                                W-ASCII-TO-EBCDIC-TABLE
000142        *                                W-EBCDIC-TO-ASCII-TABLE
000143        *                                W-IBM037-TO-IBM437-TABLE
000144                                        W-IBM437-TO-IBM037-TABLE
000145
000146             IF      TC-RESPONSE-GOOD
000147                 PERFORM SUB-9200-WRITE-TESTOUT THRU SUB-9200-EXIT
000148             ELSE
000149                 DISPLAY 'Bad response from TRNSLAT: '
000150                         TC-RESPONSE-CODE
000151                         ' - '
000152                         TC-RESPONSE-MSG
000153             END-IF
000154             .
000155         SUB-2000-READ.
000156
000157             PERFORM SUB-9100-READ-TESTIN THRU SUB-9100-EXIT
000158             .
000159         SUB-2000-EXIT.
000160             EXIT.
GnuCOBOL 3.0-rc1.0      TRNSLATT.cob                                                  Fri Jan 24 23:13:46 2020  Page 0009

LINE    PG/LN  A...B............................................................SEQUENCE

000161        /
000162         SUB-3000-SHUT-DOWN.
000163        *-------------------
000164
000165             CLOSE TESTIN
000166                   TESTOUT
000167
000168             DISPLAY 'TESTIN  records read:    '
000169                     W-TESTIN-RECS
000170             DISPLAY 'TESTOUT records written: '
000171                     W-TESTOUT-RECS
000172             DISPLAY 'TRNSLATT completed'
000173             .
000174         SUB-3000-EXIT.
000175             EXIT.
GnuCOBOL 3.0-rc1.0      TRNSLATT.cob                                                  Fri Jan 24 23:13:46 2020  Page 0010

LINE    PG/LN  A...B............................................................SEQUENCE

000176        /
000177         SUB-9100-READ-TESTIN.
000178        *---------------------
000179
000180             READ TESTIN
000181                 AT END
000182                     SET  W-EOF      TO TRUE
000183                 NOT AT END
000184                     ADD  1          TO W-TESTIN-RECS
000185             END-READ
000186             .
000187         SUB-9100-EXIT.
000188             EXIT.
GnuCOBOL 3.0-rc1.0      TRNSLATT.cob                                                  Fri Jan 24 23:13:46 2020  Page 0011

LINE    PG/LN  A...B............................................................SEQUENCE

000189        /
000190         SUB-9200-WRITE-TESTOUT.
000191        *-----------------------
000192
000193             WRITE TESTOUT-REC
000194
000195             ADD  1                  TO W-TESTOUT-RECS
000196             .
000197         SUB-9200-EXIT.
000198             EXIT.
GnuCOBOL 3.0-rc1.0      TRNSLATT.cob                                                  Fri Jan 24 23:13:46 2020  Page 0012

SIZE  TYPE           LVL  NAME                           PICTURE

15000 FILE                TESTIN
15000 GROUP          01   TESTIN-REC
00001 ALPHANUMERIC   05   TI-CHAR                        X, OCCURS 25 TO 15000

15000 FILE                TESTOUT
15000 GROUP          01   TESTOUT-REC
00001 ALPHANUMERIC   05   TO-CHAR                        X, OCCURS 25 TO 15000

      WORKING-STORAGE SECTION

00004 NUMERIC        01   W-TESTIN-RECS                  9(09) COMP

00004 NUMERIC        01   W-TESTOUT-RECS                 9(09) COMP

00004 NUMERIC        01   W-RECLEN                       S9(09) COMP

00008 ALPHANUMERIC   01   W-TRNSLAT-PROG                 X(08)

00001 ALPHANUMERIC   01   FILLER                         X(01)
      CONDITIONAL    88   W-EOF

00021 GROUP          01   W-COMPILED-DATE
00004 ALPHANUMERIC   05   W-COMPILED-DATE-YYYY           X(04)
00002 ALPHANUMERIC   05   W-COMPILED-DATE-MM             X(02)
00002 ALPHANUMERIC   05   W-COMPILED-DATE-DD             X(02)
00002 ALPHANUMERIC   05   W-COMPILED-TIME-HH             X(02)
00002 ALPHANUMERIC   05   W-COMPILED-TIME-MM             X(02)
00002 ALPHANUMERIC   05   W-COMPILED-TIME-SS             X(02)
00007 ALPHANUMERIC   05   FILLER                         X(07)

02136 GROUP          01   W-TRNSLAT-CONTROL
00004 NUMERIC        05   TC-FIELD-CNT                   S9(09) COMP
02048 GROUP          05   TC-FIELD-SPEC                  OCCURS 256
00004 NUMERIC        10   TC-FIELD-POS                   S9(09) COMP
00004 NUMERIC        10   TC-FIELD-LEN                   S9(09) COMP
00004 NUMERIC        05   TC-RESPONSE-CODE               9(4)
      CONDITIONAL    88   TC-RESPONSE-GOOD
      CONDITIONAL    88   TC-RESPONSE-TABLE-ERROR
      CONDITIONAL    88   TC-RESPONSE-RECLEN-ERROR
00080 ALPHANUMERIC   05   TC-RESPONSE-MSG                X(80)

00512 GROUP          01   W-IBM437-TO-IBM037-TABLE
00032 ALPHANUMERIC   05   FILLER                         X(32)
00032 ALPHANUMERIC   05   FILLER                         X(32)
00032 ALPHANUMERIC   05   FILLER                         X(32)
00032 ALPHANUMERIC   05   FILLER                         X(32)
00032 ALPHANUMERIC   05   FILLER                         X(32)
00032 ALPHANUMERIC   05   FILLER                         X(32)
00032 ALPHANUMERIC   05   FILLER                         X(32)
00032 ALPHANUMERIC   05   FILLER                         X(32)
00032 ALPHANUMERIC   05   FILLER                         X(32)
GnuCOBOL 3.0-rc1.0      TRNSLATT.cob                                                  Fri Jan 24 23:13:46 2020  Page 0013

SIZE  TYPE           LVL  NAME                           PICTURE

00032 ALPHANUMERIC   05   FILLER                         X(32)
00032 ALPHANUMERIC   05   FILLER                         X(32)
00032 ALPHANUMERIC   05   FILLER                         X(32)
00032 ALPHANUMERIC   05   FILLER                         X(32)
00032 ALPHANUMERIC   05   FILLER                         X(32)
00032 ALPHANUMERIC   05   FILLER                         X(32)
00032 ALPHANUMERIC   05   FILLER                         X(32)


0 warnings in compilation group
0 errors in compilation group
